MPDroid/proguard/seeds.txt
com.namelessdev.mpdroid.AboutActivity
com.namelessdev.mpdroid.AboutActivity: AboutActivity()
com.namelessdev.mpdroid.AlbumsActivity
com.namelessdev.mpdroid.AlbumsActivity: AlbumsActivity()
com.namelessdev.mpdroid.BrowseActivity: BrowseActivity(int,int,java.lang.String)
com.namelessdev.mpdroid.ConnectionSettings
com.namelessdev.mpdroid.ConnectionSettings: ConnectionSettings()
com.namelessdev.mpdroid.FSActivity
com.namelessdev.mpdroid.FSActivity: FSActivity()
com.namelessdev.mpdroid.LibraryTabActivity
com.namelessdev.mpdroid.LibraryTabActivity: LibraryTabActivity()
com.namelessdev.mpdroid.MPDApplication
com.namelessdev.mpdroid.MPDApplication: MPDApplication()
com.namelessdev.mpdroid.MainMenuActivity
com.namelessdev.mpdroid.MainMenuActivity: MainMenuActivity()
com.namelessdev.mpdroid.PlaylistEditActivity
com.namelessdev.mpdroid.PlaylistEditActivity: PlaylistEditActivity()
com.namelessdev.mpdroid.PlaylistEditActivity: void onClick(android.view.View)
com.namelessdev.mpdroid.PlaylistManagerActivity
com.namelessdev.mpdroid.PlaylistManagerActivity: PlaylistManagerActivity()
com.namelessdev.mpdroid.R$attr: int absForceOverflow
com.namelessdev.mpdroid.R$attr: int actionBarDivider
com.namelessdev.mpdroid.R$attr: int actionBarItemBackground
com.namelessdev.mpdroid.R$attr: int actionBarSize
com.namelessdev.mpdroid.R$attr: int actionBarSplitStyle
com.namelessdev.mpdroid.R$attr: int actionBarStyle
com.namelessdev.mpdroid.R$attr: int actionBarTabBarStyle
com.namelessdev.mpdroid.R$attr: int actionBarTabStyle
com.namelessdev.mpdroid.R$attr: int actionBarTabTextStyle
com.namelessdev.mpdroid.R$attr: int actionBarWidgetTheme
com.namelessdev.mpdroid.R$attr: int actionButtonStyle
com.namelessdev.mpdroid.R$attr: int actionDropDownStyle
com.namelessdev.mpdroid.R$attr: int actionMenuTextAppearance
com.namelessdev.mpdroid.R$attr: int actionMenuTextColor
com.namelessdev.mpdroid.R$attr: int actionModeBackground
com.namelessdev.mpdroid.R$attr: int actionModeCloseButtonStyle
com.namelessdev.mpdroid.R$attr: int actionModeCloseDrawable
com.namelessdev.mpdroid.R$attr: int actionModePopupWindowStyle
com.namelessdev.mpdroid.R$attr: int actionModeShareDrawable
com.namelessdev.mpdroid.R$attr: int actionModeSplitBackground
com.namelessdev.mpdroid.R$attr: int actionModeStyle
com.namelessdev.mpdroid.R$attr: int actionOverflowButtonStyle
com.namelessdev.mpdroid.R$attr: int actionSpinnerItemStyle
com.namelessdev.mpdroid.R$attr: int activatedBackgroundIndicator
com.namelessdev.mpdroid.R$attr: int activityChooserViewStyle
com.namelessdev.mpdroid.R$attr: int background
com.namelessdev.mpdroid.R$bool: int abs__action_bar_embed_tabs
com.namelessdev.mpdroid.R$bool: int abs__action_bar_expanded_action_views_exclusive
com.namelessdev.mpdroid.R$bool: int abs__config_actionMenuItemAllCaps
com.namelessdev.mpdroid.R$bool: int abs__config_allowActionMenuItemTextWithIcon
com.namelessdev.mpdroid.R$bool: int abs__config_showMenuShortcutsWhenKeyboardPresent
com.namelessdev.mpdroid.R$bool: int abs__split_action_bar_is_narrow
com.namelessdev.mpdroid.R$bool: int isTablet
...
com.actionbarsherlock.app.SherlockFragmentActivity: SherlockFragmentActivity()
com.actionbarsherlock.app.SherlockFragmentActivity: void setContentView(android.view.View)
com.actionbarsherlock.app.SherlockListActivity: SherlockListActivity()
com.actionbarsherlock.app.SherlockListActivity: void setContentView(android.view.View)
com.actionbarsherlock.app.SherlockListFragment: SherlockListFragment()
com.actionbarsherlock.app.SherlockPreferenceActivity: void setContentView(android.view.View)
com.actionbarsherlock.internal.nineoldandroids.view.NineViewGroup: NineViewGroup(android.content.Context)
com.actionbarsherlock.internal.nineoldandroids.view.NineViewGroup: NineViewGroup(android.content.Context,android.util.AttributeSet)
com.actionbarsherlock.internal.nineoldandroids.view.NineViewGroup: NineViewGroup(android.content.Context,android.util.AttributeSet,int)
com.actionbarsherlock.internal.nineoldandroids.view.NineViewGroup: void setVisibility(int)
com.actionbarsherlock.internal.nineoldandroids.view.NineViewGroup: float getAlpha()
com.actionbarsherlock.internal.nineoldandroids.view.NineViewGroup: void setAlpha(float)
com.actionbarsherlock.internal.nineoldandroids.view.NineViewGroup: float getTranslationX()
com.actionbarsherlock.internal.nineoldandroids.view.NineViewGroup: void setTranslationX(float)
com.actionbarsherlock.internal.nineoldandroids.view.NineViewGroup: float getTranslationY()
com.actionbarsherlock.internal.nineoldandroids.view.NineViewGroup: void setTranslationY(float)
com.actionbarsherlock.internal.nineoldandroids.widget.NineFrameLayout
com.actionbarsherlock.internal.nineoldandroids.widget.NineFrameLayout: NineFrameLayout(android.content.Context)
com.actionbarsherlock.internal.nineoldandroids.widget.NineFrameLayout: NineFrameLayout(android.content.Context,android.util.AttributeSet)
com.actionbarsherlock.internal.nineoldandroids.widget.NineFrameLayout: NineFrameLayout(android.content.Context,android.util.AttributeSet,int)
com.actionbarsherlock.internal.nineoldandroids.widget.NineFrameLayout: void setVisibility(int)
com.actionbarsherlock.internal.nineoldandroids.widget.NineFrameLayout: float getAlpha()
com.actionbarsherlock.internal.nineoldandroids.widget.NineFrameLayout: void setAlpha(float)
com.actionbarsherlock.internal.nineoldandroids.widget.NineFrameLayout: float getTranslationY()
com.actionbarsherlock.internal.nineoldandroids.widget.NineFrameLayout: void setTranslationY(float)
com.actionbarsherlock.internal.nineoldandroids.widget.NineHorizontalScrollView: void setVisibility(int)
com.actionbarsherlock.internal.nineoldandroids.widget.NineHorizontalScrollView: float getAlpha()
com.actionbarsherlock.internal.nineoldandroids.widget.NineHorizontalScrollView: void setAlpha(float)
com.actionbarsherlock.internal.nineoldandroids.widget.NineLinearLayout
com.actionbarsherlock.internal.nineoldandroids.widget.NineLinearLayout: NineLinearLayout(android.content.Context)
com.actionbarsherlock.internal.nineoldandroids.widget.NineLinearLayout: NineLinearLayout(android.content.Context,android.util.AttributeSet)
com.actionbarsherlock.internal.nineoldandroids.widget.NineLinearLayout: NineLinearLayout(android.content.Context,android.util.AttributeSet,int)
com.actionbarsherlock.internal.nineoldandroids.widget.NineLinearLayout: void setVisibility(int)
com.actionbarsherlock.internal.nineoldandroids.widget.NineLinearLayout: float getAlpha()
com.actionbarsherlock.internal.nineoldandroids.widget.NineLinearLayout: void setAlpha(float)
com.actionbarsherlock.internal.nineoldandroids.widget.NineLinearLayout: float getTranslationX()
com.actionbarsherlock.internal.nineoldandroids.widget.NineLinearLayout: void setTranslationX(float)