MPDroid/proguard/mapping.txt
com.namelessdev.mpdroid.AboutActivity -> com.namelessdev.mpdroid.AboutActivity:
    void onCreate(android.os.Bundle) -> onCreate
    java.lang.String getVersionName(android.content.Context,java.lang.Class) -> a
    void onStart() -> onStart
    void onStop() -> onStop
com.namelessdev.mpdroid.AlbumsActivity -> com.namelessdev.mpdroid.AlbumsActivity:
    void onCreate(android.os.Bundle) -> onCreate
    boolean onCreateOptionsMenu(com.actionbarsherlock.view.Menu) -> a
    boolean onOptionsItemSelected(com.actionbarsherlock.view.MenuItem) -> a
com.namelessdev.mpdroid.BrowseActivity -> com.namelessdev.mpdroid.a:
    int iJobID -> a
    java.util.List items -> b
    android.view.View loadingView -> c
    android.widget.TextView loadingTextView -> d
    android.view.View noResultView -> e
    java.lang.String context -> f
    int irAdd -> g
    int irAdded -> h
    void onCreate(android.os.Bundle) -> onCreate
    void onStart() -> onStart
    void onStop() -> onStop
    int getLoadingText() -> d
    void UpdateList() -> e
    boolean onCreateOptionsMenu(com.actionbarsherlock.view.Menu) -> a
    boolean onOptionsItemSelected(com.actionbarsherlock.view.MenuItem) -> a
    void onCreateContextMenu(android.view.ContextMenu,android.view.View,android.view.ContextMenu$ContextMenuInfo) -> onCreateContextMenu
    void Add(org.a0z.mpd.Item) -> a
    boolean onMenuItemClick(android.view.MenuItem) -> onMenuItemClick
    void asyncUpdate() -> f
    void updateFromItems() -> g
    void asyncExecSucceeded(int) -> a
com.namelessdev.mpdroid.BrowseActivity$1 -> com.namelessdev.mpdroid.b:
    com.namelessdev.mpdroid.BrowseActivity this$0 -> a
    void run() -> run
com.namelessdev.mpdroid.BrowseActivity$2 -> com.namelessdev.mpdroid.c:
    com.namelessdev.mpdroid.BrowseActivity this$0 -> a
    com.namelessdev.mpdroid.MPDApplication val$app -> b
    android.widget.AdapterView$AdapterContextMenuInfo val$info -> c
    void run() -> run
com.namelessdev.mpdroid.BrowseActivity$3 -> com.namelessdev.mpdroid.d:
    com.namelessdev.mpdroid.BrowseActivity this$0 -> a
    android.widget.AdapterView$AdapterContextMenuInfo val$info -> b
    void run() -> run
com.namelessdev.mpdroid.BrowseActivity$4 -> com.namelessdev.mpdroid.e:
    com.namelessdev.mpdroid.BrowseActivity this$0 -> a
    com.namelessdev.mpdroid.MPDApplication val$app -> b
    android.widget.AdapterView$AdapterContextMenuInfo val$info -> c
    void run() -> run
com.namelessdev.mpdroid.ConnectionSettings -> com.namelessdev.mpdroid.ConnectionSettings:
    java.lang.String mSSID -> a
    android.preference.PreferenceCategory mMasterCategory -> b
    void onCreate(android.os.Bundle) -> onCreate
    boolean onCreateOptionsMenu(android.view.Menu) -> onCreateOptionsMenu
    boolean onOptionsItemSelected(android.view.MenuItem) -> onOptionsItemSelected
    void createDynamicSettings(java.lang.String,android.preference.PreferenceCategory) -> a
com.namelessdev.mpdroid.FSActivity -> com.namelessdev.mpdroid.FSActivity:
    void onCreate(android.os.Bundle) -> onCreate
    boolean onCreateOptionsMenu(com.actionbarsherlock.view.Menu) -> a
    boolean onOptionsItemSelected(com.actionbarsherlock.view.MenuItem) -> a
com.namelessdev.mpdroid.LibraryTabActivity -> com.namelessdev.mpdroid.LibraryTabActivity:
    com.namelessdev.mpdroid.LibraryTabActivity$SectionsPagerAdapter mSectionsPagerAdapter -> m
    android.support.v4.view.ViewPager mViewPager -> n
    void onCreate(android.os.Bundle) -> onCreate
    void onStart() -> onStart
    void onStop() -> onStop
    boolean onCreateOptionsMenu(com.actionbarsherlock.view.Menu) -> a
    boolean onOptionsItemSelected(com.actionbarsherlock.view.MenuItem) -> a
    boolean onNavigationItemSelected(int,long) -> a
com.namelessdev.mpdroid.LibraryTabActivity$1 -> com.namelessdev.mpdroid.f:
    com.namelessdev.mpdroid.LibraryTabActivity this$0 -> a
    com.actionbarsherlock.app.ActionBar val$actionBar -> b
    void onPageSelected(int) -> a
...
android.support.v4.view.ViewPager$SavedState$1 -> android.support.v4.view.bc:
    android.support.v4.view.ViewPager$SavedState createFromParcel(android.os.Parcel,java.lang.ClassLoader) -> b
    android.support.v4.view.ViewPager$SavedState[] newArray(int) -> b
    java.lang.Object[] newArray(int) -> a
    java.lang.Object createFromParcel(android.os.Parcel,java.lang.ClassLoader) -> a
android.support.v4.view.ViewPager$SimpleOnPageChangeListener -> android.support.v4.view.bd:
    void onPageScrolled(int,float,int) -> a
    void onPageSelected(int) -> a
    void onPageScrollStateChanged(int) -> b
android.support.v4.view.accessibility.AccessibilityNodeInfoCompat -> android.support.v4.view.a.a:
    android.support.v4.view.accessibility.AccessibilityNodeInfoCompat$AccessibilityNodeInfoImpl IMPL -> a
    java.lang.Object mInfo -> b
    java.lang.Object getInfo() -> a
    void addAction(int) -> a
    void setScrollable(boolean) -> a
    void setClassName(java.lang.CharSequence) -> a
    int hashCode() -> hashCode
    boolean equals(java.lang.Object) -> equals
android.support.v4.view.accessibility.AccessibilityNodeInfoCompat$AccessibilityNodeInfoIcsImpl -> android.support.v4.view.a.b:
    void addAction(java.lang.Object,int) -> a
    void setClassName(java.lang.Object,java.lang.CharSequence) -> a
    void setScrollable(java.lang.Object,boolean) -> a
android.support.v4.view.accessibility.AccessibilityNodeInfoCompat$AccessibilityNodeInfoImpl -> android.support.v4.view.a.c:
    void addAction(java.lang.Object,int) -> a
    void setScrollable(java.lang.Object,boolean) -> a
    void setClassName(java.lang.Object,java.lang.CharSequence) -> a
android.support.v4.view.accessibility.AccessibilityNodeInfoCompat$AccessibilityNodeInfoJellybeanImpl -> android.support.v4.view.a.d:
android.support.v4.view.accessibility.AccessibilityNodeInfoCompat$AccessibilityNodeInfoStubImpl -> android.support.v4.view.a.e:
    void addAction(java.lang.Object,int) -> a
    void setClassName(java.lang.Object,java.lang.CharSequence) -> a
    void setScrollable(java.lang.Object,boolean) -> a
android.support.v4.view.accessibility.AccessibilityNodeInfoCompatIcs -> android.support.v4.view.a.f:
    void addAction(java.lang.Object,int) -> a
    void setClassName(java.lang.Object,java.lang.CharSequence) -> a
    void setScrollable(java.lang.Object,boolean) -> a
android.support.v4.widget.EdgeEffectCompat -> android.support.v4.d.a:
    java.lang.Object mEdgeEffect -> a
    android.support.v4.widget.EdgeEffectCompat$EdgeEffectImpl IMPL -> b
    void setSize(int,int) -> a
    boolean isFinished() -> a
    void finish() -> b
    boolean onPull(float) -> a
    boolean onRelease() -> c
    boolean draw(android.graphics.Canvas) -> a
android.support.v4.widget.EdgeEffectCompat$BaseEdgeEffectImpl -> android.support.v4.d.b:
    java.lang.Object newEdgeEffect(android.content.Context) -> a
    void setSize(java.lang.Object,int,int) -> a
    boolean isFinished(java.lang.Object) -> a
    void finish(java.lang.Object) -> b
    boolean onPull(java.lang.Object,float) -> a
    boolean onRelease(java.lang.Object) -> c
    boolean draw(java.lang.Object,android.graphics.Canvas) -> a
android.support.v4.widget.EdgeEffectCompat$EdgeEffectIcsImpl -> android.support.v4.d.c:
    java.lang.Object newEdgeEffect(android.content.Context) -> a
    void setSize(java.lang.Object,int,int) -> a
    boolean isFinished(java.lang.Object) -> a
    void finish(java.lang.Object) -> b
    boolean onPull(java.lang.Object,float) -> a
    boolean onRelease(java.lang.Object) -> c
    boolean draw(java.lang.Object,android.graphics.Canvas) -> a