MPDroid/proguard/usage.txt
com.namelessdev.mpdroid.BrowseActivity:
    public static final int MAIN
    public static final int PLAYLIST
    public static final int ADD
    public static final int ADDNREPLACE
    public static final int ADDNPLAY
    65:66:public void setActivityTitle(java.lang.String)
com.namelessdev.mpdroid.BuildConfig
com.namelessdev.mpdroid.ConnectionSettings:
    public static final int MAIN
    private static final java.lang.String KEY_CONNECTION_CATEGORY
com.namelessdev.mpdroid.LibraryTabActivity$SectionsPagerAdapter:
    156:163:public java.lang.CharSequence getPageTitle(int)
com.namelessdev.mpdroid.MPDApplication:
    public static final java.lang.String TAG
    private static final long DISCONNECT_TIMER
    public static final int SETTINGS
    150:151:public void terminateApplication()
com.namelessdev.mpdroid.MainMenuActivity:
    public static final int PLAYLIST
    public static final int ARTISTS
    public static final int SETTINGS
    public static final int STREAM
    public static final int LIBRARY
    public static final int CONNECT
com.namelessdev.mpdroid.MainMenuActivity$SectionsPagerAdapter:
    187:191:public java.lang.CharSequence getPageTitle(int)
com.namelessdev.mpdroid.PlaylistManagerActivity:
    static final int DELETE
    80:81:protected void Add(int)
com.namelessdev.mpdroid.R:
    10:10:public R()
com.namelessdev.mpdroid.R$attr
com.namelessdev.mpdroid.R$bool
com.namelessdev.mpdroid.R$color
com.namelessdev.mpdroid.R$dimen
com.namelessdev.mpdroid.R$drawable
com.namelessdev.mpdroid.R$id
com.namelessdev.mpdroid.R$integer
com.namelessdev.mpdroid.R$layout
com.namelessdev.mpdroid.R$menu
com.namelessdev.mpdroid.R$string
com.namelessdev.mpdroid.R$style
com.namelessdev.mpdroid.R$styleable:
    1401:1401:public R$styleable()
com.namelessdev.mpdroid.R$xml
com.namelessdev.mpdroid.SearchActivity:
    public static final int MAIN
    public static final int PLAYLIST
    public static final int ADD
    public static final int ADDNREPLACE
    public static final int ADDNPLAY
com.namelessdev.mpdroid.ServerBonjourListActivity:
    private static final java.lang.String SERVER_NAME
    private static final java.lang.String SERVER_IP
    private static final java.lang.String SERVER_PORT
com.namelessdev.mpdroid.SettingsActivity:
    private static final int MAIN
    private static final int ADD
    public static final java.lang.String OPEN_OUTPUT
com.namelessdev.mpdroid.StreamingService:
    static final java.lang.String TAG
    public static final int STREAMINGSERVICE_STATUS
    public static final int STREAMINGSERVICE_PAUSED
    public static final int STREAMINGSERVICE_STOPPED
    public static final java.lang.String CMD_REMOTE
    public static final java.lang.String CMD_COMMAND
    public static final java.lang.String CMD_PAUSE
    public static final java.lang.String CMD_STOP
    public static final java.lang.String CMD_PLAY
    public static final java.lang.String CMD_PLAYPAUSE
    public static final java.lang.String CMD_PREV
    public static final java.lang.String CMD_NEXT
    public static final java.lang.String CMD_DIE
    public static final int PLAYSTATE_STOPPED
    public static final int PLAYSTATE_PAUSED
    public static final int PLAYSTATE_PLAYING
    public static final int PLAYSTATE_FAST_FORWARDING
    public static final int PLAYSTATE_REWINDING
    public static final int PLAYSTATE_SKIPPING_FORWARDS
    public static final int PLAYSTATE_SKIPPING_BACKWARDS
    public static final int PLAYSTATE_BUFFERING
    public static final int PLAYSTATE_ERROR
    private static final int IDLE_DELAY
com.namelessdev.mpdroid.WifiConnectionSettings:
    private static final int MAIN
    private static final java.lang.String KEY_WIFI_BASED_CATEGORY
    private static final java.lang.String KEY_WIFI_BASED_SCREEN
...
javax.jmdns.impl.JmDNSImpl$Shutdown
javax.jmdns.impl.JmmDNSImpl
javax.jmdns.impl.JmmDNSImpl$1
javax.jmdns.impl.JmmDNSImpl$2
javax.jmdns.impl.JmmDNSImpl$3
javax.jmdns.impl.JmmDNSImpl$4
javax.jmdns.impl.JmmDNSImpl$5
javax.jmdns.impl.JmmDNSImpl$6
javax.jmdns.impl.JmmDNSImpl$NetworkChecker
javax.jmdns.impl.ListenerStatus:
    public static final boolean SYNCHONEOUS
    public static final boolean ASYNCHONEOUS
javax.jmdns.impl.ListenerStatus$ServiceTypeListenerStatus:
    165:167:public ListenerStatus$ServiceTypeListenerStatus(javax.jmdns.ServiceTypeListener,boolean)
javax.jmdns.impl.NetworkTopologyEventImpl
javax.jmdns.impl.ServiceEventImpl:
    private static final long serialVersionUID
javax.jmdns.impl.ServiceInfoImpl:
    private javax.jmdns.impl.ServiceInfoImpl$Delegate _delegate
    128:137:public ServiceInfoImpl(java.lang.String,java.lang.String,java.lang.String,int,int,int,boolean,java.lang.String)
    151:152:public ServiceInfoImpl(java.lang.String,java.lang.String,java.lang.String,int,int,int,boolean,java.util.Map)
    459:460:public java.lang.String getHostAddress()
    468:473:public java.lang.String[] getHostAddresses()
    498:498:public java.net.InetAddress getAddress()
    507:508:public java.net.InetAddress getInetAddress()
    517:518:public java.net.Inet4Address getInet4Address()
    527:528:public java.net.Inet6Address getInet6Address()
    599:607:public java.lang.String getTextString()
    617:617:public java.lang.String getURL()
    626:626:public java.lang.String[] getURLs()
    636:637:public java.lang.String getURL(java.lang.String)
    646:660:public java.lang.String[] getURLs(java.lang.String)
    668:668:public synchronized byte[] getPropertyBytes(java.lang.String)
    676:683:public synchronized java.lang.String getPropertyString(java.lang.String)
    691:693:public java.util.Enumeration getPropertyNames()
    977:977:public boolean closeState()
    1041:1041:public boolean isCanceling()
    1049:1049:public boolean isCanceled()
    1057:1057:public boolean isClosing()
    1065:1065:public boolean isClosed()
    1105:1119:public java.lang.String getNiceTextString()
    1201:1206:public void setText(byte[])
javax.jmdns.impl.ServiceInfoImpl$Delegate
javax.jmdns.impl.ServiceInfoImpl$ServiceInfoState:
    private static final long serialVersionUID
javax.jmdns.impl.SocketListener:
    87:87:public javax.jmdns.impl.JmDNSImpl getDns()
javax.jmdns.impl.constants.DNSConstants:
    public static final java.lang.String MDNS_GROUP
    public static final java.lang.String MDNS_GROUP_IPV6
    public static final int DNS_PORT
    public static final int DNS_TTL
    public static final int MAX_MSG_TYPICAL
    public static final int MAX_MSG_ABSOLUTE
    public static final int FLAGS_QR_MASK
    public static final int FLAGS_QR_QUERY
    public static final int FLAGS_QR_RESPONSE
    public static final int FLAGS_AA
    public static final int FLAGS_TC
    public static final int FLAGS_RD
    public static final int FLAGS_RA
    public static final int FLAGS_Z
    public static final int FLAGS_AD
    public static final int FLAGS_CD
    public static final int SHARED_QUERY_TIME
    public static final int QUERY_WAIT_INTERVAL
    public static final int PROBE_WAIT_INTERVAL
    public static final int RESPONSE_MIN_WAIT_INTERVAL
    public static final int RESPONSE_MAX_WAIT_INTERVAL
    public static final int PROBE_CONFLICT_INTERVAL
    public static final int PROBE_THROTTLE_COUNT
    public static final int PROBE_THROTTLE_COUNT_INTERVAL
    public static final int ANNOUNCE_WAIT_INTERVAL
    public static final int RECORD_REAPER_INTERVAL
    public static final int RECORD_EXPIRY_DELAY
    public static final int KNOWN_ANSWER_TTL
    public static final int ANNOUNCED_RENEWAL_TTL_INTERVAL
    public static final long CLOSE_TIMEOUT
    public static final long SERVICE_INFO_TIMEOUT